<?xml version="1.0" encoding="UTF-8"?>
<!-- Generated by org.testng.reporters.JUnitReportReporter -->
<testsuite hostname="DESKTOP-MSN7N8U" failures="0" tests="1" name="com.SeleniumPractice.BasicAuth" time="3.689" errors="0" timestamp="2022-09-15T17:47:13 EDT" skipped="0">
  <testcase classname="com.SeleniumPractice.BasicAuth" name="BasicAuth" time="3.689"/>
  <system-out/>
</testsuite> <!-- com.SeleniumPractice.BasicAuth -->
