<?xml version="1.0" encoding="UTF-8"?>
<!-- Generated by org.testng.reporters.JUnitReportReporter -->
<testsuite hostname="DESKTOP-MSN7N8U" failures="0" tests="1" name="com.SeleniumPractice.Calender" time="5.775" errors="0" timestamp="2022-09-24T12:42:10 EDT" skipped="0">
  <testcase classname="com.SeleniumPractice.Calender" name="getCalender" time="5.775"/>
  <system-out/>
</testsuite> <!-- com.SeleniumPractice.Calender -->
