<?xml version="1.0" encoding="UTF-8"?>
<!-- Generated by org.testng.reporters.JUnitReportReporter -->
<testsuite hostname="DESKTOP-MSN7N8U" failures="0" tests="1" name="com.SeleniumPractice.ActionClass2" time="10.457" errors="0" timestamp="2022-09-23T13:48:23 EDT" skipped="0">
  <testcase classname="com.SeleniumPractice.ActionClass2" name="CopyPaste" time="10.457"/>
  <system-out/>
</testsuite> <!-- com.SeleniumPractice.ActionClass2 -->
