<?xml version="1.0" encoding="UTF-8"?>
<!-- Generated by org.testng.reporters.JUnitReportReporter -->
<testsuite hostname="DESKTOP-MSN7N8U" failures="0" tests="4" name="com.SeleniumPractice.TestNG" time="0.006" errors="0" timestamp="2022-09-11T00:14:37 EDT" skipped="0">
  <testcase classname="com.SeleniumPractice.TestNG" name="dropDawntest" time="0.004"/>
  <system-out/>
  <testcase classname="com.SeleniumPractice.TestNG" name="dropDawntestTwo" time="0.001"/>
  <system-out/>
  <testcase classname="com.SeleniumPractice.TestNG" name="dropDawntestFour" time="0.001"/>
  <system-out/>
  <testcase classname="com.SeleniumPractice.TestNG" name="dropDawntestThree" time="0.000"/>
  <system-out/>
</testsuite> <!-- com.SeleniumPractice.TestNG -->
