<?xml version="1.0" encoding="UTF-8"?>
<!-- Generated by org.testng.reporters.JUnitReportReporter -->
<testsuite hostname="DESKTOP-MSN7N8U" failures="0" tests="6" name="com.SeleniumPractice.PriorityCheck" time="0.012" errors="0" timestamp="2022-09-11T12:11:27 EDT" skipped="0">
  <testcase classname="com.SeleniumPractice.PriorityCheck" name="b_Five" time="0.009"/>
  <system-out/>
  <testcase classname="com.SeleniumPractice.PriorityCheck" name="Two" time="0.001"/>
  <system-out/>
  <testcase classname="com.SeleniumPractice.PriorityCheck" name="o_Three" time="0.001"/>
  <system-out/>
  <testcase classname="com.SeleniumPractice.PriorityCheck" name="Four" time="0.001"/>
  <system-out/>
  <testcase classname="com.SeleniumPractice.PriorityCheck" name="One" time="0.000"/>
  <system-out/>
  <testcase classname="com.SeleniumPractice.PriorityCheck" name="Six" time="0.000"/>
  <system-out/>
</testsuite> <!-- com.SeleniumPractice.PriorityCheck -->
