<?xml version="1.0" encoding="UTF-8"?>
<!-- Generated by org.testng.reporters.JUnitReportReporter -->
<testsuite hostname="DESKTOP-MSN7N8U" failures="0" tests="1" name="com.SeleniumPractice.ActionExtra1" time="15.584" errors="0" timestamp="2022-09-22T21:02:13 EDT" skipped="0">
  <testcase classname="com.SeleniumPractice.ActionExtra1" name="TestOne" time="15.584"/>
  <system-out/>
</testsuite> <!-- com.SeleniumPractice.ActionExtra1 -->
