<?xml version="1.0" encoding="UTF-8"?>
<!-- Generated by org.testng.reporters.JUnitReportReporter -->
<testsuite hostname="DESKTOP-MSN7N8U" failures="0" tests="1" name="com.PracticeNewSelenium.WebTable" time="5.588" errors="0" timestamp="2022-10-06T10:15:17 EDT" skipped="0">
  <testcase classname="com.PracticeNewSelenium.WebTable" name="tableverify" time="5.588"/>
  <system-out/>
</testsuite> <!-- com.PracticeNewSelenium.WebTable -->
